08:02:22 02:46:13 PM: INFO: 15.218.113.10
08:02:22 02:46:13 PM: INFO: 30113
08:02:22 02:46:13 PM: INFO: system
08:02:22 02:46:13 PM: INFO: Data$pr0
08:02:22 02:53:41 PM: INFO: 15.218.113.10
08:02:22 02:53:41 PM: INFO: 30113
08:02:22 02:53:41 PM: INFO: system
08:02:22 02:53:41 PM: INFO: Data$pr0
08:02:22 02:54:17 PM: INFO: 15.218.113.10
08:02:22 02:54:17 PM: INFO: 30113
08:02:22 02:54:17 PM: INFO: system
08:02:22 02:54:17 PM: INFO: Data$pr0
08:02:22 02:55:26 PM: INFO: 15.218.113.10
08:02:22 02:55:26 PM: INFO: 30113
08:02:22 02:55:26 PM: INFO: system
08:02:22 02:55:26 PM: INFO: Data$pr0
08:02:22 02:59:22 PM: INFO: 15.218.113.10
08:02:22 02:59:22 PM: INFO: 30113
08:02:22 02:59:22 PM: INFO: system
08:02:22 02:59:22 PM: INFO: Data$pr0
08:02:22 03:00:25 PM: INFO: 15.218.113.10
08:02:22 03:00:25 PM: INFO: 30113
08:02:22 03:00:25 PM: INFO: system
08:02:22 03:00:25 PM: INFO: Data$pr0
08:02:22 03:02:43 PM: INFO: 15.218.113.10
08:02:22 03:02:43 PM: INFO: 30113
08:02:22 03:02:43 PM: INFO: system
08:02:22 03:02:43 PM: INFO: Data$pr0
08:02:22 04:05:42 PM: INFO: 15.218.113.10
08:02:22 04:05:42 PM: INFO: 30113
08:02:22 04:05:42 PM: INFO: system
08:02:22 04:05:42 PM: INFO: Data$pr0
08:02:22 04:08:09 PM: INFO: 15.218.113.10
08:02:22 04:08:09 PM: INFO: 30113
08:02:22 04:08:09 PM: INFO: system
08:02:22 04:08:09 PM: INFO: Data$pr0
08:02:22 04:08:56 PM: INFO: 15.218.113.10
08:02:22 04:08:56 PM: INFO: 30113
08:02:22 04:08:56 PM: INFO: system
08:02:22 04:08:56 PM: INFO: Data$pr0
08:02:22 04:09:11 PM: INFO: 15.218.113.10
08:02:22 04:09:11 PM: INFO: 30113
08:02:22 04:09:11 PM: INFO: system
08:02:22 04:09:11 PM: INFO: Data$pr0
08:02:22 04:11:00 PM: INFO: 15.218.113.10
08:02:22 04:11:00 PM: INFO: 30113
08:02:22 04:11:00 PM: INFO: system
08:02:22 04:11:00 PM: INFO: Data$pr0
08:02:22 04:11:19 PM: INFO: 15.218.113.10
08:02:22 04:11:19 PM: INFO: 30113
08:02:22 04:11:19 PM: INFO: system
08:02:22 04:11:19 PM: INFO: Data$pr0
08:02:22 04:11:33 PM: INFO: 15.218.113.10
08:02:22 04:11:33 PM: INFO: 30113
08:02:22 04:11:33 PM: INFO: system
08:02:22 04:11:33 PM: INFO: Data$pr0
08:02:22 04:12:58 PM: INFO: 15.218.113.10
08:02:22 04:12:58 PM: INFO: 30113
08:02:22 04:12:58 PM: INFO: system
08:02:22 04:12:58 PM: INFO: Data$pr0
08:02:22 04:12:58 PM: INFO: SAP HANA DB Connection check
08:02:22 04:12:58 PM: INFO: Connection to SAP HANA Database successful.
08:02:22 04:12:58 PM: INFO: SAP HANA DB Connection check is over
08:02:22 04:15:28 PM: INFO: 15.218.113.10
08:02:22 04:15:28 PM: INFO: 30113
08:02:22 04:15:28 PM: INFO: system
08:02:22 04:15:28 PM: INFO: Data$pr0
08:02:22 04:15:28 PM: INFO: SAP HANA DB Connection check
08:02:22 04:15:28 PM: INFO: Connection to SAP HANA Database successful.
08:02:22 04:15:28 PM: INFO: SAP HANA DB Connection check is over
08:02:22 04:15:28 PM: INFO: SAP HANA DB Connection check
08:02:22 04:15:28 PM: INFO: Connection to SAP HANA Database successful.
08:02:22 04:15:28 PM: INFO: SAP HANA DB Connection check is over
08:02:22 04:16:13 PM: INFO: 15.218.113.10
08:02:22 04:16:13 PM: INFO: 30113
08:02:22 04:16:13 PM: INFO: system
08:02:22 04:16:13 PM: INFO: Data$pr0
08:02:22 04:16:13 PM: INFO: SAP HANA DB Connection check
08:02:22 04:16:14 PM: INFO: Connection to SAP HANA Database successful.
08:02:22 04:16:14 PM: INFO: SAP HANA DB Connection check is over
08:02:22 04:16:14 PM: INFO: SAP HANA DB Connection check
08:02:22 04:16:14 PM: INFO: Connection to SAP HANA Database successful.
08:02:22 04:16:14 PM: INFO: SAP HANA DB Connection check is over
08:02:22 04:16:45 PM: INFO: 15.218.113.10
08:02:22 04:16:45 PM: INFO: 30113
08:02:22 04:16:45 PM: INFO: system
08:02:22 04:16:45 PM: INFO: Data$pr0
08:02:22 04:16:45 PM: INFO: SAP HANA DB Connection check
08:02:22 04:16:45 PM: INFO: Connection to SAP HANA Database successful.
08:02:22 04:16:45 PM: INFO: SAP HANA DB Connection check is over
08:02:22 04:16:45 PM: INFO: SAP HANA DB Connection check
08:02:22 04:16:45 PM: INFO: Connection to SAP HANA Database successful.
08:02:22 04:16:45 PM: INFO: SAP HANA DB Connection check is over
08:02:22 04:17:05 PM: INFO: 15.218.113.10
08:02:22 04:17:05 PM: INFO: 30113
08:02:22 04:17:05 PM: INFO: system
08:02:22 04:17:05 PM: INFO: Data$pr0
08:02:22 04:17:05 PM: INFO: SAP HANA DB Connection check
08:02:22 04:17:05 PM: INFO: Connection to SAP HANA Database successful.
08:02:22 04:17:05 PM: INFO: SAP HANA DB Connection check is over
08:02:22 04:17:19 PM: INFO: 15.218.113.10
08:02:22 04:17:19 PM: INFO: 30113
08:02:22 04:17:19 PM: INFO: system
08:02:22 04:17:19 PM: INFO: Data$pr0
08:02:22 04:17:26 PM: INFO: 15.218.113.10
08:02:22 04:17:26 PM: INFO: 30113
08:02:22 04:17:26 PM: INFO: system
08:02:22 04:17:26 PM: INFO: Data$pr0
08:02:22 04:17:26 PM: INFO: SAP HANA DB Connection check
08:02:22 04:17:26 PM: INFO: Connection to SAP HANA Database successful.
08:02:22 04:17:26 PM: INFO: SAP HANA DB Connection check is over
09:05:23 10:30:30 AM: INFO: 15.218.113.10
09:05:23 10:30:30 AM: INFO: 30113
09:05:23 10:30:30 AM: INFO: system
09:05:23 10:30:30 AM: INFO: Data$pr0
09:05:23 10:30:30 AM: INFO: SAP HANA DB Connection check is started
09:05:23 10:33:19 AM: INFO: 15.218.113.10
09:05:23 10:33:19 AM: INFO: 30113
09:05:23 10:33:19 AM: INFO: system
09:05:23 10:33:19 AM: INFO: Data$pr0
09:05:23 10:33:19 AM: INFO: SAP HANA DB Connection check is started
09:05:23 10:42:12 AM: INFO: 15.218.113.10
09:05:23 10:42:12 AM: INFO: 30113
09:05:23 10:42:12 AM: INFO: system
09:05:23 10:42:12 AM: INFO: Data$pr0
09:05:23 10:42:12 AM: INFO: SAP HANA DB Connection check is started
09:05:23 10:44:11 AM: INFO: 15.218.113.10
09:05:23 10:44:11 AM: INFO: 30113
09:05:23 10:44:11 AM: INFO: system
09:05:23 10:44:11 AM: INFO: Data$pr0
09:05:23 10:44:11 AM: INFO: SAP HANA DB Connection check is started
09:05:23 10:44:53 AM: INFO: 15.218.113.10
09:05:23 10:44:53 AM: INFO: 30015
09:05:23 10:44:53 AM: INFO: system
09:05:23 10:44:53 AM: INFO: Data$pr0
09:05:23 10:44:53 AM: INFO: SAP HANA DB Connection check is started
09:05:23 10:44:54 AM: INFO: Connection to SAP HANA Database successful.
09:05:23 10:44:54 AM: INFO: SAP HANA DB Connection check is over
09:05:23 10:45:48 AM: INFO: 15.218.113.10
09:05:23 10:45:48 AM: INFO: 30015
09:05:23 10:45:48 AM: INFO: system
09:05:23 10:45:48 AM: INFO: Data$pr0
09:05:23 10:45:48 AM: INFO: SAP HANA DB Connection check is started
09:05:23 10:45:48 AM: INFO: Connection to SAP HANA Database successful.
09:05:23 10:45:48 AM: INFO: SAP HANA DB Connection check is over
09:05:23 10:48:04 AM: INFO: 15.218.113.10
09:05:23 10:48:04 AM: INFO: 30015
09:05:23 10:48:04 AM: INFO: system
09:05:23 10:48:04 AM: INFO: Data$pr0
09:05:23 10:48:04 AM: INFO: SAP HANA DB Connection check is started
09:05:23 10:48:04 AM: INFO: Connection to SAP HANA Database successful.
09:05:23 10:48:04 AM: INFO: None
09:05:23 10:48:04 AM: INFO: SAP HANA DB Connection check is over
09:05:23 10:52:39 AM: INFO: 15.218.113.10
09:05:23 10:52:39 AM: INFO: 30015
09:05:23 10:52:39 AM: INFO: system
09:05:23 10:52:39 AM: INFO: Data$pr0
09:05:23 10:52:39 AM: INFO: SAP HANA DB Connection check is started
09:05:23 10:52:40 AM: INFO: Connection to SAP HANA Database successful.
09:05:23 10:52:40 AM: INFO: None
09:05:23 10:52:40 AM: INFO: SAP HANA DB Connection check is over
09:05:23 10:53:59 AM: INFO: 15.218.113.10
09:05:23 10:53:59 AM: INFO: 30015
09:05:23 10:53:59 AM: INFO: system
09:05:23 10:53:59 AM: INFO: Data$pr0
09:05:23 10:53:59 AM: INFO: SAP HANA DB Connection check is started
09:05:23 10:54:00 AM: INFO: Connection to SAP HANA Database successful.
09:05:23 10:54:00 AM: INFO: None
09:05:23 10:54:00 AM: INFO: SAP HANA DB Connection check is over
09:05:23 10:57:23 AM: INFO: 15.218.113.10
09:05:23 10:57:23 AM: INFO: 30015
09:05:23 10:57:23 AM: INFO: system
09:05:23 10:57:23 AM: INFO: Data$pr0
09:05:23 10:57:23 AM: INFO: SAP HANA DB Connection check is started
09:05:23 10:57:24 AM: INFO: Connection to SAP HANA Database successful.
09:05:23 10:57:24 AM: INFO: None
09:05:23 10:57:24 AM: INFO: SAP HANA DB Connection check is over
09:05:23 10:58:08 AM: INFO: 15.218.113.10
09:05:23 10:58:08 AM: INFO: 30015
09:05:23 10:58:08 AM: INFO: system
09:05:23 10:58:08 AM: INFO: Data$pr1
09:05:23 10:58:08 AM: INFO: SAP HANA DB Connection check is started
